<?xml version="1.0" encoding="UTF-8" ?>
<testsuite tests="2" failures="0" name="com.rhc.lab.drools.DroolsTest" time="0.091" errors="1" skipped="0">
  <properties>
    <property name="java.runtime.name" value="OpenJDK Runtime Environment"/>
    <property name="sun.boot.library.path" value="/usr/lib/jvm/java-1.8.0-openjdk-1.8.0.51-4.b16.fc22.x86_64/jre/lib/amd64"/>
    <property name="java.vm.version" value="25.51-b03"/>
    <property name="java.vm.vendor" value="Oracle Corporation"/>
    <property name="java.vendor.url" value="http://java.oracle.com/"/>
    <property name="path.separator" value=":"/>
    <property name="guice.disable.misplaced.annotation.check" value="true"/>
    <property name="java.vm.name" value="OpenJDK 64-Bit Server VM"/>
    <property name="file.encoding.pkg" value="sun.io"/>
    <property name="user.country" value="US"/>
    <property name="sun.java.launcher" value="SUN_STANDARD"/>
    <property name="sun.os.patch.level" value="unknown"/>
    <property name="java.vm.specification.name" value="Java Virtual Machine Specification"/>
    <property name="user.dir" value="/home/jasonwan/Downloads/nchlab/lab"/>
    <property name="java.runtime.version" value="1.8.0_51-b16"/>
    <property name="java.awt.graphicsenv" value="sun.awt.X11GraphicsEnvironment"/>
    <property name="java.endorsed.dirs" value="/usr/lib/jvm/java-1.8.0-openjdk-1.8.0.51-4.b16.fc22.x86_64/jre/lib/endorsed"/>
    <property name="os.arch" value="amd64"/>
    <property name="java.io.tmpdir" value="/tmp"/>
    <property name="line.separator" value="
"/>
    <property name="java.vm.specification.vendor" value="Oracle Corporation"/>
    <property name="os.name" value="Linux"/>
    <property name="classworlds.conf" value="/home/jasonwan/workspace/.metadata/.plugins/org.eclipse.m2e.launching/launches/m2conf8915303021701232836.tmp"/>
    <property name="sun.jnu.encoding" value="UTF-8"/>
    <property name="java.library.path" value="/usr/java/packages/lib/amd64:/usr/lib64:/lib64:/lib:/usr/lib"/>
    <property name="java.specification.name" value="Java Platform API Specification"/>
    <property name="java.class.version" value="52.0"/>
    <property name="sun.management.compiler" value="HotSpot 64-Bit Tiered Compilers"/>
    <property name="os.version" value="4.0.8-300.fc22.x86_64"/>
    <property name="user.home" value="/home/jasonwan"/>
    <property name="user.timezone" value="America/New_York"/>
    <property name="java.awt.printerjob" value="sun.print.PSPrinterJob"/>
    <property name="file.encoding" value="UTF-8"/>
    <property name="java.specification.version" value="1.8"/>
    <property name="user.name" value="jasonwan"/>
    <property name="java.class.path" value="/home/jasonwan/jbdevstudio/studio/plugins/org.eclipse.m2e.maven.runtime_1.5.1.20150109-1819/jars/plexus-classworlds-2.5.1.jar"/>
    <property name="org.slf4j.simpleLogger.defaultLogLevel" value="info"/>
    <property name="java.vm.specification.version" value="1.8"/>
    <property name="sun.arch.data.model" value="64"/>
    <property name="java.home" value="/usr/lib/jvm/java-1.8.0-openjdk-1.8.0.51-4.b16.fc22.x86_64/jre"/>
    <property name="sun.java.command" value="org.codehaus.plexus.classworlds.launcher.Launcher -B install"/>
    <property name="java.specification.vendor" value="Oracle Corporation"/>
    <property name="user.language" value="en"/>
    <property name="awt.toolkit" value="sun.awt.X11.XToolkit"/>
    <property name="java.vm.info" value="mixed mode"/>
    <property name="java.version" value="1.8.0_51"/>
    <property name="java.ext.dirs" value="/usr/lib/jvm/java-1.8.0-openjdk-1.8.0.51-4.b16.fc22.x86_64/jre/lib/ext:/usr/java/packages/lib/ext"/>
    <property name="securerandom.source" value="file:/dev/./urandom"/>
    <property name="sun.boot.class.path" value="/usr/lib/jvm/java-1.8.0-openjdk-1.8.0.51-4.b16.fc22.x86_64/jre/lib/resources.jar:/usr/lib/jvm/java-1.8.0-openjdk-1.8.0.51-4.b16.fc22.x86_64/jre/lib/rt.jar:/usr/lib/jvm/java-1.8.0-openjdk-1.8.0.51-4.b16.fc22.x86_64/jre/lib/sunrsasign.jar:/usr/lib/jvm/java-1.8.0-openjdk-1.8.0.51-4.b16.fc22.x86_64/jre/lib/jsse.jar:/usr/lib/jvm/java-1.8.0-openjdk-1.8.0.51-4.b16.fc22.x86_64/jre/lib/jce.jar:/usr/lib/jvm/java-1.8.0-openjdk-1.8.0.51-4.b16.fc22.x86_64/jre/lib/charsets.jar:/usr/lib/jvm/java-1.8.0-openjdk-1.8.0.51-4.b16.fc22.x86_64/jre/lib/jfr.jar:/usr/lib/jvm/java-1.8.0-openjdk-1.8.0.51-4.b16.fc22.x86_64/jre/classes"/>
    <property name="java.vendor" value="Oracle Corporation"/>
    <property name="maven.home" value="/home/jasonwan/Downloads/nchlab/lab/EMBEDDED"/>
    <property name="file.separator" value="/"/>
    <property name="java.vendor.url.bug" value="http://bugreport.sun.com/bugreport/"/>
    <property name="sun.cpu.endian" value="little"/>
    <property name="sun.io.unicode.encoding" value="UnicodeLittle"/>
    <property name="sun.desktop" value="gnome"/>
    <property name="sun.cpu.isalist" value=""/>
  </properties>
  <testcase classname="com.rhc.lab.drools.DroolsTest" name="shouldAutowireDecisionService" time="0.003"/>
  <testcase classname="com.rhc.lab.drools.DroolsTest" name="runRules" time="0.088">
    <error message="[Error: null pointer: performer.type]
[Near : {... performer.type == PerformanceT ....}]
             ^
In [Rule &quot;Reject Orchestra when Band is booked&quot; in rules/createBooking.drl]" type="[Error">[Error: null pointer: performer.type]
[Near : {... performer.type == PerformanceT ....}]
             ^
In [Rule &quot;Reject Orchestra when Band is booked&quot; in rules/createBooking.drl]
	at org.mvel2.optimizers.impl.refl.ReflectiveAccessorOptimizer.compileGetChain(ReflectiveAccessorOptimizer.java:450)
	at org.mvel2.optimizers.impl.refl.ReflectiveAccessorOptimizer.optimizeAccessor(ReflectiveAccessorOptimizer.java:163)
	at org.mvel2.ast.ASTNode.optimize(ASTNode.java:159)
	at org.mvel2.ast.ASTNode.getReducedValueAccelerated(ASTNode.java:115)
	at org.mvel2.ast.BinaryOperation.getReducedValueAccelerated(BinaryOperation.java:117)
	at org.mvel2.MVELRuntime.execute(MVELRuntime.java:85)
	at org.mvel2.compiler.CompiledExpression.getDirectValue(CompiledExpression.java:123)
	at org.mvel2.compiler.CompiledExpression.getValue(CompiledExpression.java:119)
	at org.mvel2.compiler.CompiledExpression.getValue(CompiledExpression.java:113)
	at org.mvel2.MVEL.executeExpression(MVEL.java:930)
	at org.drools.core.util.MVELSafeHelper$RawMVELEvaluator.executeExpression(MVELSafeHelper.java:481)
	at org.drools.core.rule.constraint.MvelConditionEvaluator.evaluate(MvelConditionEvaluator.java:77)
	at org.drools.core.rule.constraint.MvelConditionEvaluator.evaluate(MvelConditionEvaluator.java:62)
	at org.drools.core.rule.constraint.MvelConstraint.evaluate(MvelConstraint.java:230)
	at org.drools.core.rule.constraint.MvelConstraint.isAllowed(MvelConstraint.java:187)
	at org.drools.core.reteoo.AlphaNode.assertObject(AlphaNode.java:141)
	at org.drools.core.reteoo.CompositeObjectSinkAdapter.doPropagateAssertObject(CompositeObjectSinkAdapter.java:504)
	at org.drools.core.reteoo.CompositeObjectSinkAdapter.propagateAssertObject(CompositeObjectSinkAdapter.java:389)
	at org.drools.core.reteoo.ObjectTypeNode.propagateAssert(ObjectTypeNode.java:297)
	at org.drools.core.phreak.PropagationEntry$Insert.execute(PropagationEntry.java:64)
	at org.drools.core.phreak.SynchronizedPropagationList.internalFlush(SynchronizedPropagationList.java:61)
	at org.drools.core.phreak.SynchronizedPropagationList.flush(SynchronizedPropagationList.java:49)
	at org.drools.core.impl.StatefulKnowledgeSessionImpl.flushPropagations(StatefulKnowledgeSessionImpl.java:2135)
	at org.drools.core.impl.StatefulKnowledgeSessionImpl.fireAllRules(StatefulKnowledgeSessionImpl.java:1289)
	at org.drools.core.impl.StatefulKnowledgeSessionImpl.fireAllRules(StatefulKnowledgeSessionImpl.java:1265)
	at org.drools.core.command.runtime.rule.FireAllRulesCommand.execute(FireAllRulesCommand.java:109)
	at org.drools.core.command.runtime.rule.FireAllRulesCommand.execute(FireAllRulesCommand.java:34)
	at org.drools.core.command.runtime.BatchExecutionCommandImpl.execute(BatchExecutionCommandImpl.java:155)
	at org.drools.core.command.runtime.BatchExecutionCommandImpl.execute(BatchExecutionCommandImpl.java:76)
	at org.drools.core.impl.StatelessKnowledgeSessionImpl.execute(StatelessKnowledgeSessionImpl.java:314)
	at com.rhc.lab.kie.service.impl.LocalStatelessDecisionService.execute(LocalStatelessDecisionService.java:78)
	at com.rhc.lab.kie.service.impl.LocalStatelessDecisionService.execute(LocalStatelessDecisionService.java:131)
	at com.rhc.lab.drools.DroolsTest.runRules(DroolsTest.java:38)
	at sun.reflect.NativeMethodAccessorImpl.invoke0(Native Method)
	at sun.reflect.NativeMethodAccessorImpl.invoke(NativeMethodAccessorImpl.java:62)
	at sun.reflect.DelegatingMethodAccessorImpl.invoke(DelegatingMethodAccessorImpl.java:43)
	at java.lang.reflect.Method.invoke(Method.java:497)
	at org.junit.runners.model.FrameworkMethod$1.runReflectiveCall(FrameworkMethod.java:50)
	at org.junit.internal.runners.model.ReflectiveCallable.run(ReflectiveCallable.java:12)
	at org.junit.runners.model.FrameworkMethod.invokeExplosively(FrameworkMethod.java:47)
	at org.junit.internal.runners.statements.InvokeMethod.evaluate(InvokeMethod.java:17)
	at org.springframework.test.context.junit4.statements.RunBeforeTestMethodCallbacks.evaluate(RunBeforeTestMethodCallbacks.java:73)
	at org.springframework.test.context.junit4.statements.RunAfterTestMethodCallbacks.evaluate(RunAfterTestMethodCallbacks.java:82)
	at org.springframework.test.context.junit4.statements.SpringRepeat.evaluate(SpringRepeat.java:73)
	at org.junit.runners.ParentRunner.runLeaf(ParentRunner.java:325)
	at org.springframework.test.context.junit4.SpringJUnit4ClassRunner.runChild(SpringJUnit4ClassRunner.java:217)
	at org.springframework.test.context.junit4.SpringJUnit4ClassRunner.runChild(SpringJUnit4ClassRunner.java:83)
	at org.junit.runners.ParentRunner$3.run(ParentRunner.java:290)
	at org.junit.runners.ParentRunner$1.schedule(ParentRunner.java:71)
	at org.junit.runners.ParentRunner.runChildren(ParentRunner.java:288)
	at org.junit.runners.ParentRunner.access$000(ParentRunner.java:58)
	at org.junit.runners.ParentRunner$2.evaluate(ParentRunner.java:268)
	at org.springframework.test.context.junit4.statements.RunBeforeTestClassCallbacks.evaluate(RunBeforeTestClassCallbacks.java:61)
	at org.springframework.test.context.junit4.statements.RunAfterTestClassCallbacks.evaluate(RunAfterTestClassCallbacks.java:68)
	at org.junit.runners.ParentRunner.run(ParentRunner.java:363)
	at org.springframework.test.context.junit4.SpringJUnit4ClassRunner.run(SpringJUnit4ClassRunner.java:163)
	at org.apache.maven.surefire.junit4.JUnit4Provider.execute(JUnit4Provider.java:252)
	at org.apache.maven.surefire.junit4.JUnit4Provider.executeTestSet(JUnit4Provider.java:141)
	at org.apache.maven.surefire.junit4.JUnit4Provider.invoke(JUnit4Provider.java:112)
	at sun.reflect.NativeMethodAccessorImpl.invoke0(Native Method)
	at sun.reflect.NativeMethodAccessorImpl.invoke(NativeMethodAccessorImpl.java:62)
	at sun.reflect.DelegatingMethodAccessorImpl.invoke(DelegatingMethodAccessorImpl.java:43)
	at java.lang.reflect.Method.invoke(Method.java:497)
	at org.apache.maven.surefire.util.ReflectionUtils.invokeMethodWithArray(ReflectionUtils.java:189)
	at org.apache.maven.surefire.booter.ProviderFactory$ProviderProxy.invoke(ProviderFactory.java:165)
	at org.apache.maven.surefire.booter.ProviderFactory.invokeProvider(ProviderFactory.java:85)
	at org.apache.maven.surefire.booter.ForkedBooter.runSuitesInProcess(ForkedBooter.java:115)
	at org.apache.maven.surefire.booter.ForkedBooter.main(ForkedBooter.java:75)
Caused by: java.lang.NullPointerException
	at org.mvel2.optimizers.impl.refl.ReflectiveAccessorOptimizer.compileGetChain(ReflectiveAccessorOptimizer.java:416)
	... 67 more
</error>
    <system-out>building query fornull
</system-out>
    <system-err>==&gt;[ObjectInsertedEventImpl: getFactHandle()=[fact 0:1:268086000:268086000:1:DEFAULT:NON_TRAIT:BookingRequest [venueName=null, open=null, close=null, performer=null]], getObject()=BookingRequest [venueName=null, open=null, close=null, performer=null], getKnowledgeRuntime()=org.drools.core.impl.StatefulKnowledgeSessionImpl@228cea97, getPropagationContext()=PhreakPropagationContext [entryPoint=EntryPoint::DEFAULT, factHandle=[fact 0:1:268086000:268086000:1:DEFAULT:NON_TRAIT:BookingRequest [venueName=null, open=null, close=null, performer=null]], leftTuple=null, originOffset=-1, propagationNumber=2, rule=null, type=0]]
</system-err>
  </testcase>
</testsuite>